<?xml version="1.0" encoding="UTF-8"?>
<!-- Generated by org.testng.reporters.JUnitReportReporter -->
<testsuite hostname="MSI-L2309" failures="0" tests="1" name="com.Frame.loginTest" time="8.536" errors="0" timestamp="2022-01-29T12:31:03 IST" skipped="0">
  <testcase classname="com.Frame.loginTest" name="clickUserName" time="8.536"/>
  <system-out/>
</testsuite> <!-- com.Frame.loginTest -->
